[debug] [2025-12-31T11:56:08.039Z] ----------------------------------------------------------------------
[debug] [2025-12-31T11:56:08.040Z] Command:       C:\Program Files\nodejs\node.exe C:\Users\CT_USER\AppData\Roaming\npm\node_modules\firebase-tools\lib\bin\firebase.js init hosting
[debug] [2025-12-31T11:56:08.041Z] CLI Version:   15.1.0
[debug] [2025-12-31T11:56:08.041Z] Platform:      win32
[debug] [2025-12-31T11:56:08.041Z] Node Version:  v22.16.0
[debug] [2025-12-31T11:56:08.041Z] Time:          Wed Dec 31 2025 17:26:08 GMT+0530 (India Standard Time)
[debug] [2025-12-31T11:56:08.041Z] ----------------------------------------------------------------------
[debug] 
[info] 
     ######## #### ########  ######## ########     ###     ######  ########
     ##        ##  ##     ## ##       ##     ##  ##   ##  ##       ##
     ######    ##  ########  ######   ########  #########  ######  ######
     ##        ##  ##    ##  ##       ##     ## ##     ##       ## ##
     ##       #### ##     ## ######## ########  ##     ##  ######  ########

You're about to initialize a Firebase project in this directory:

  C:\Development\autumn-landing-page\public

Before we get started, keep in mind:

  * You are currently outside your home directory

[debug] [2025-12-31T11:56:10.935Z] ExitPromptError: User force closed the prompt with SIGINT
    at Interface.sigint (C:\Users\CT_USER\AppData\Roaming\npm\node_modules\firebase-tools\node_modules\@inquirer\core\dist\commonjs\lib\create-prompt.js:101:37)
    at Interface.emit (node:events:518:28)
    at [_ttyWrite] [as _ttyWrite] (node:internal/readline/interface:1128:18)
    at ReadStream.onkeypress (node:internal/readline/interface:267:20)
    at ReadStream.emit (node:events:530:35)
    at emitKeys (node:internal/readline/utils:370:14)
    at emitKeys.next (<anonymous>)
    at ReadStream.onData (node:internal/readline/emitKeypressEvents:64:36)
    at ReadStream.emit (node:events:518:28)
    at addChunk (node:internal/streams/readable:561:12)
[error] 
[error] Error: An unexpected error has occurred.
